[debug] [2018-06-01T10:28:26.542Z] ----------------------------------------------------------------------
[debug] [2018-06-01T10:28:26.549Z] Command:       /usr/bin/node /usr/local/bin/firebase init
[debug] [2018-06-01T10:28:26.549Z] CLI Version:   3.18.5
[debug] [2018-06-01T10:28:26.550Z] Platform:      linux
[debug] [2018-06-01T10:28:26.550Z] Node Version:  v8.10.0
[debug] [2018-06-01T10:28:26.550Z] Time:          Fri Jun 01 2018 13:28:26 GMT+0300 (EAT)
[debug] [2018-06-01T10:28:26.550Z] ----------------------------------------------------------------------
[debug] 
[debug] [2018-06-01T10:28:26.576Z] > command requires scopes: ["email","openid","https://www.googleapis.com/auth/cloudplatformprojects.readonly","https://www.googleapis.com/auth/firebase"]
[debug] [2018-06-01T10:28:26.577Z] > authorizing via signed-in user
[info] 
     ######## #### ########  ######## ########     ###     ######  ########
     ##        ##  ##     ## ##       ##     ##  ##   ##  ##       ##
     ######    ##  ########  ######   ########  #########  ######  ######
     ##        ##  ##    ##  ##       ##     ## ##     ##       ## ##
     ##       #### ##     ## ######## ########  ##     ##  ######  ########

You're about to initialize a Firebase project in this directory:

  /home/jonah/projects

Before we get started, keep in mind:

  * You are initializing in an existing Firebase project directory

[info] 
=== Project Setup
[info] 
[info] First, let's associate this project directory with a Firebase project.
[info] You can create multiple project aliases by running firebase use --add, 
[info] but for now we'll just set up a default project.
[info] 
[debug] [2018-06-01T10:28:37.091Z] > refreshing access token with scopes: ["email","https://www.googleapis.com/auth/cloudplatformprojects.readonly","https://www.googleapis.com/auth/firebase","openid"]
[debug] [2018-06-01T10:28:37.092Z] >>> HTTP REQUEST POST https://www.googleapis.com/oauth2/v3/token  
 { refresh_token: '1/93DCqj7hMnnvQzjIlG2xI1eGa6wjJZpsbbAqlD6Sgco',
  client_id: '563584335869-fgrhgmd47bqnekij5i8b5pr03ho849e6.apps.googleusercontent.com',
  client_secret: 'j9iVZfS8kkCEFUPaAeJV0sAi',
  grant_type: 'refresh_token',
  scope: 'email https://www.googleapis.com/auth/cloudplatformprojects.readonly https://www.googleapis.com/auth/firebase openid' } 
 Fri Jun 01 2018 13:28:37 GMT+0300 (EAT)
[debug] [2018-06-01T10:28:38.458Z] <<< HTTP RESPONSE 200
[debug] [2018-06-01T10:28:38.511Z] >>> HTTP REQUEST GET https://admin.firebase.com/v1/projects  
  
 Fri Jun 01 2018 13:28:38 GMT+0300 (EAT)
[debug] [2018-06-01T10:28:42.149Z] <<< HTTP RESPONSE 200
[info] i  .firebaserc already has a default project, skipping
[info] 
=== Database Setup
[info] 
[info] Firebase Realtime Database Rules allow you to define how your data should be
[info] structured and when your data can be read from and written to.
[info] 
[info] ✔  Database Rules for undefined have been downloaded to database.rules.json.
[info] Future modifications to database.rules.json will update Database Rules when you run
[info] firebase deploy.
[info] 
=== Firestore Setup
[info] 
[info] Firestore Security Rules allow you to define how and when to allow
[info] requests. You can keep these rules in your project directory
[info] and publish them with firebase deploy.
[info] 
[info] 
[info] Firestore indexes allow you to perform complex queries while
[info] maintaining performance that scales with the size of the result
[info] set. You can keep index definitions in your project directory
[info] and publish them with firebase deploy.
[info] 
[info] 
=== Functions Setup
[info] 
[info] A functions directory will be created in your project with a Node.js
[info] package pre-configured. Functions can be deployed with firebase deploy.
[info] 
[debug] [2018-06-01T10:28:49.625Z] > command requires scopes: ["email","openid","https://www.googleapis.com/auth/cloudplatformprojects.readonly","https://www.googleapis.com/auth/firebase","https://www.googleapis.com/auth/cloud-platform"]
[debug] [2018-06-01T10:28:49.626Z] > authorizing via signed-in user
[debug] [2018-06-01T10:28:49.628Z] > refreshing access token with scopes: ["email","https://www.googleapis.com/auth/cloud-platform","https://www.googleapis.com/auth/cloudplatformprojects.readonly","https://www.googleapis.com/auth/firebase","openid"]
[debug] [2018-06-01T10:28:49.629Z] >>> HTTP REQUEST POST https://www.googleapis.com/oauth2/v3/token  
 { refresh_token: '1/93DCqj7hMnnvQzjIlG2xI1eGa6wjJZpsbbAqlD6Sgco',
  client_id: '563584335869-fgrhgmd47bqnekij5i8b5pr03ho849e6.apps.googleusercontent.com',
  client_secret: 'j9iVZfS8kkCEFUPaAeJV0sAi',
  grant_type: 'refresh_token',
  scope: 'email https://www.googleapis.com/auth/cloud-platform https://www.googleapis.com/auth/cloudplatformprojects.readonly https://www.googleapis.com/auth/firebase openid' } 
 Fri Jun 01 2018 13:28:49 GMT+0300 (EAT)
[debug] [2018-06-01T10:28:51.477Z] <<< HTTP RESPONSE 200
[debug] [2018-06-01T10:28:51.530Z] >>> HTTP REQUEST GET https://admin.firebase.com/v1/projects/restaurant-db2c7  
  
 Fri Jun 01 2018 13:28:51 GMT+0300 (EAT)
[debug] [2018-06-01T10:28:53.085Z] <<< HTTP RESPONSE 200
[debug] [2018-06-01T10:28:53.088Z] >>> HTTP REQUEST GET https://admin.firebase.com/v1/database/restaurant-db2c7/tokens  
  
 Fri Jun 01 2018 13:28:53 GMT+0300 (EAT)
[debug] [2018-06-01T10:28:54.107Z] <<< HTTP RESPONSE 200
[debug] [2018-06-01T10:28:54.121Z] >>> HTTP REQUEST PATCH https://servicemanagement.googleapis.com/v1/services/cloudfunctions.googleapis.com/projectSettings/restaurant-db2c7?updateMask=usageSettings  
 { usageSettings: { consumerEnableStatus: 'ENABLED' } } 
 Fri Jun 01 2018 13:28:54 GMT+0300 (EAT)
[debug] [2018-06-01T10:28:54.123Z] >>> HTTP REQUEST PATCH https://servicemanagement.googleapis.com/v1/services/runtimeconfig.googleapis.com/projectSettings/restaurant-db2c7?updateMask=usageSettings  
 { usageSettings: { consumerEnableStatus: 'ENABLED' } } 
 Fri Jun 01 2018 13:28:54 GMT+0300 (EAT)
[debug] [2018-06-01T10:28:58.580Z] <<< HTTP RESPONSE 200
[info] ✔  Wrote functions/package.json
[info] ✔  Wrote functions/tslint.json
[info] ✔  Wrote functions/tsconfig.json
[info] ✔  Wrote functions/src/index.ts
